[2026-02-13 12:25:21] API Call: /food_ordering/api/data.php?type=products Session: {"user_id":"2","role":"customer","name":"Aman"}
[2026-02-13 12:25:22] API Call: /food_ordering/api/data.php?type=products Session: {"user_id":"2","role":"customer","name":"Aman"}
[2026-02-13 12:25:25] API Call: /food_ordering/api/data.php?type=products Session: {"user_id":"2","role":"customer","name":"Aman"}
[2026-02-13 12:25:25] API Call: /food_ordering/api/data.php?type=products Session: {"user_id":"2","role":"customer","name":"Aman"}
[2026-02-13 12:25:27] API Call: /food_ordering/api/data.php?type=products Session: {"user_id":"2","role":"customer","name":"Aman"}
[2026-02-13 12:25:31] API Call: /food_ordering/api/data.php?type=orders Session: {"user_id":"2","role":"customer","name":"Aman"}
[2026-02-13 12:25:34] API Call: /food_ordering/api/data.php?type=orders Session: {"user_id":"2","role":"customer","name":"Aman"}
[2026-02-13 12:30:19] API Call: /food_ordering/api/data.php?type=products Session: {"user_id":"2","role":"customer","name":"Aman"}
[2026-02-13 12:30:22] API Call: /food_ordering/api/data.php?type=orders Session: {"user_id":"2","role":"customer","name":"Aman"}
[2026-02-13 12:36:50] API Call: /food_ordering/api/data.php?type=products Session: {"user_id":"2","role":"customer","name":"Aman"}
[2026-02-13 12:36:52] API Call: /food_ordering/api/data.php?type=orders Session: {"user_id":"2","role":"customer","name":"Aman"}
[2026-02-13 12:36:56] API Call: /food_ordering/api/data.php?type=products Session: {"user_id":"2","role":"customer","name":"Aman"}
[2026-02-13 12:36:57] API Call: /food_ordering/api/data.php?type=products Session: {"user_id":"2","role":"customer","name":"Aman"}
[2026-02-13 12:36:57] API Call: /food_ordering/api/data.php?type=products Session: {"user_id":"2","role":"customer","name":"Aman"}
[2026-02-13 12:36:59] API Call: /food_ordering/api/data.php?type=products Session: {"user_id":"2","role":"customer","name":"Aman"}
[2026-02-13 12:36:59] API Call: /food_ordering/api/data.php?type=products Session: {"user_id":"2","role":"customer","name":"Aman"}
[2026-02-13 12:37:00] API Call: /food_ordering/api/data.php?type=products Session: {"user_id":"2","role":"customer","name":"Aman"}
[2026-02-13 12:37:02] API Call: /food_ordering/api/data.php?type=orders Session: {"user_id":"2","role":"customer","name":"Aman"}
[2026-02-13 12:40:43] API Call: /food_ordering/api/data.php?type=products Session: {"user_id":"2","role":"customer","name":"Aman"}
[2026-02-13 12:40:45] API Call: /food_ordering/api/data.php?type=products Session: {"user_id":"2","role":"customer","name":"Aman"}
[2026-02-13 12:40:45] API Call: /food_ordering/api/data.php?type=products Session: {"user_id":"2","role":"customer","name":"Aman"}
[2026-02-13 12:40:45] API Call: /food_ordering/api/data.php?type=products Session: {"user_id":"2","role":"customer","name":"Aman"}
[2026-02-13 12:40:45] API Call: /food_ordering/api/data.php?type=products Session: {"user_id":"2","role":"customer","name":"Aman"}
[2026-02-13 12:40:47] API Call: /food_ordering/api/data.php?type=products Session: {"user_id":"2","role":"customer","name":"Aman"}
[2026-02-13 12:49:49] API Call: /food_ordering/api/data.php?type=products Session: {"user_id":"2","role":"customer","name":"Aman"}
[2026-02-13 12:49:51] API Call: /food_ordering/api/data.php?type=products Session: {"user_id":"2","role":"customer","name":"Aman"}
[2026-02-13 12:49:51] API Call: /food_ordering/api/data.php?type=products Session: {"user_id":"2","role":"customer","name":"Aman"}
[2026-02-13 12:49:52] API Call: /food_ordering/api/data.php?type=products Session: {"user_id":"2","role":"customer","name":"Aman"}
[2026-02-13 12:49:52] API Call: /food_ordering/api/data.php?type=products Session: {"user_id":"2","role":"customer","name":"Aman"}
[2026-02-13 12:49:53] API Call: /food_ordering/api/data.php?type=products Session: {"user_id":"2","role":"customer","name":"Aman"}
[2026-02-13 12:49:58] API Call: /food_ordering/api/data.php?type=orders Session: {"user_id":"2","role":"customer","name":"Aman"}
[2026-02-13 12:49:59] API Call: /food_ordering/api/data.php?type=products&_t=1770983399026 Session: {"user_id":"2","role":"customer","name":"Aman"}
[2026-02-13 12:50:00] API Call: /food_ordering/api/data.php?type=orders Session: {"user_id":"2","role":"customer","name":"Aman"}
[2026-02-13 12:50:01] API Call: /food_ordering/api/data.php?type=products&_t=1770983401146 Session: {"user_id":"2","role":"customer","name":"Aman"}
[2026-02-13 12:50:01] API Call: /food_ordering/api/data.php?type=orders Session: {"user_id":"2","role":"customer","name":"Aman"}
[2026-02-13 12:50:02] API Call: /food_ordering/api/data.php?type=products&_t=1770983401979 Session: {"user_id":"2","role":"customer","name":"Aman"}
[2026-02-13 12:50:02] API Call: /food_ordering/api/data.php?type=orders Session: {"user_id":"2","role":"customer","name":"Aman"}
[2026-02-13 12:50:02] API Call: /food_ordering/api/data.php?type=products&_t=1770983402746 Session: {"user_id":"2","role":"customer","name":"Aman"}
[2026-02-13 12:50:03] API Call: /food_ordering/api/data.php?type=orders Session: {"user_id":"2","role":"customer","name":"Aman"}
[2026-02-13 12:50:03] API Call: /food_ordering/api/data.php?type=products&_t=1770983403499 Session: {"user_id":"2","role":"customer","name":"Aman"}
[2026-02-13 12:57:26] API Call: /food_ordering/api/data.php?type=products Session: {"user_id":"2","role":"customer","name":"Aman"}
[2026-02-13 12:57:26] API Call: /food_ordering/api/data.php?type=products Session: {"user_id":"2","role":"customer","name":"Aman"}
[2026-02-13 12:57:28] API Call: /food_ordering/api/data.php?type=products Session: {"user_id":"2","role":"customer","name":"Aman"}
[2026-02-13 12:57:28] API Call: /food_ordering/api/data.php?type=products Session: {"user_id":"2","role":"customer","name":"Aman"}
[2026-02-13 12:57:38] API Call: /food_ordering/api/data.php?type=products Session: {"user_id":"2","role":"customer","name":"Aman"}
[2026-02-13 12:57:40] API Call: /food_ordering/api/data.php?type=orders Session: {"user_id":"2","role":"customer","name":"Aman"}
[2026-02-13 12:57:41] API Call: /food_ordering/api/data.php?type=products&_t=1770983861042 Session: {"user_id":"2","role":"customer","name":"Aman"}
[2026-02-13 12:57:42] API Call: /food_ordering/api/data.php?type=products Session: {"user_id":"2","role":"customer","name":"Aman"}
[2026-02-13 12:57:42] API Call: /food_ordering/api/data.php?type=products Session: {"user_id":"2","role":"customer","name":"Aman"}
[2026-02-13 13:00:23] API Call: /food_ordering/api/data.php?type=products Session: {"user_id":"2","role":"customer","name":"Aman"}
[2026-02-13 13:00:25] API Call: /food_ordering/api/data.php?type=products Session: {"user_id":"2","role":"customer","name":"Aman"}
[2026-02-13 13:00:25] API Call: /food_ordering/api/data.php?type=products Session: {"user_id":"2","role":"customer","name":"Aman"}
[2026-02-13 13:00:27] API Call: /food_ordering/api/data.php?type=products&_t=1770984027398 Session: {"user_id":"2","role":"customer","name":"Aman"}
[2026-02-13 13:00:27] API Call: /food_ordering/api/data.php?type=orders Session: {"user_id":"2","role":"customer","name":"Aman"}
[2026-02-13 13:00:27] API Call: /food_ordering/api/data.php?type=products Session: {"user_id":"2","role":"customer","name":"Aman"}
[2026-02-13 13:02:00] API Call: /food_ordering/api/data.php?type=orders Session: {"user_id":"2","role":"customer","name":"Aman"}
[2026-02-13 13:02:00] API Call: /food_ordering/api/data.php?type=products&_t=1770984120089 Session: {"user_id":"2","role":"customer","name":"Aman"}
[2026-02-13 13:02:00] API Call: /food_ordering/api/data.php?type=products Session: {"user_id":"2","role":"customer","name":"Aman"}
[2026-02-13 13:02:02] API Call: /food_ordering/api/data.php?type=products Session: {"user_id":"2","role":"customer","name":"Aman"}
[2026-02-13 13:02:02] API Call: /food_ordering/api/data.php?type=products Session: {"user_id":"2","role":"customer","name":"Aman"}
[2026-02-13 13:02:03] API Call: /food_ordering/api/data.php?type=orders Session: {"user_id":"2","role":"customer","name":"Aman"}
[2026-02-13 13:02:03] API Call: /food_ordering/api/data.php?type=products&_t=1770984123580 Session: {"user_id":"2","role":"customer","name":"Aman"}
[2026-02-13 13:02:03] API Call: /food_ordering/api/data.php?type=products Session: {"user_id":"2","role":"customer","name":"Aman"}
[2026-02-13 13:04:56] API Call: /food_ordering/api/data.php?type=products&_t=1770984296768 Session: {"user_id":"2","role":"customer","name":"Aman"}
[2026-02-13 13:04:56] API Call: /food_ordering/api/data.php?type=orders Session: {"user_id":"2","role":"customer","name":"Aman"}
[2026-02-13 13:05:01] API Call: /food_ordering/api/data.php?type=orders Session: {"user_id":"2","role":"customer","name":"Aman"}
[2026-02-13 13:05:03] API Call: /food_ordering/api/data.php?type=orders Session: {"user_id":"2","role":"customer","name":"Aman"}
[2026-02-13 13:05:03] API Call: /food_ordering/api/data.php?type=orders Session: {"user_id":"2","role":"customer","name":"Aman"}
[2026-02-13 13:05:05] API Call: /food_ordering/api/data.php?type=products&_t=1770984305625 Session: {"user_id":"2","role":"customer","name":"Aman"}
[2026-02-13 13:05:15] API Call: /food_ordering/api/data.php?type=products&diag=1770984315195 Session: {"user_id":"2","role":"customer","name":"Aman"}
[2026-02-13 13:05:24] API Call: /food_ordering/api/data.php?type=products&diag=1770984324336 Session: {"user_id":"2","role":"customer","name":"Aman"}
[2026-02-13 13:05:32] API Call: /food_ordering/api/data.php?type=orders Session: {"user_id":"2","role":"customer","name":"Aman"}
[2026-02-13 13:09:37] API Call: /food_ordering/api/data.php?type=products&_t=1770984577289 Session: {"user_id":"2","role":"customer","name":"Aman"}
[2026-02-13 13:09:37] API Call: /food_ordering/api/data.php?type=orders Session: {"user_id":"2","role":"customer","name":"Aman"}
[2026-02-13 13:09:39] API Call: /food_ordering/api/data.php?type=orders Session: {"user_id":"2","role":"customer","name":"Aman"}
[2026-02-13 13:09:47] API Call: /food_ordering/api/data.php?type=update_order Session: {"user_id":"2","role":"customer","name":"Aman"}
[2026-02-13 13:09:49] API Call: /food_ordering/api/data.php?type=orders Session: {"user_id":"2","role":"customer","name":"Aman"}
[2026-02-13 13:09:59] API Call: /food_ordering/api/data.php?type=products Session: []
[2026-02-13 13:10:01] API Call: /food_ordering/api/data.php?type=products Session: []
[2026-02-13 13:10:06] API Call: /food_ordering/api/data.php?type=delivery_report Session: {"user_id":"3","role":"rider","name":"greg"}
[2026-02-13 13:10:06] API Call: /food_ordering/api/data.php?type=orders Session: {"user_id":"3","role":"rider","name":"greg"}
[2026-02-13 13:10:06] API Call: /food_ordering/api/data.php?type=products Session: {"user_id":"3","role":"rider","name":"greg"}
[2026-02-13 13:10:11] API Call: /food_ordering/api/data.php?type=orders Session: {"user_id":"3","role":"rider","name":"greg"}
[2026-02-13 13:10:16] API Call: /food_ordering/api/data.php?type=orders Session: {"user_id":"3","role":"rider","name":"greg"}
[2026-02-13 13:10:21] API Call: /food_ordering/api/data.php?type=orders Session: {"user_id":"3","role":"rider","name":"greg"}
[2026-02-13 13:10:26] API Call: /food_ordering/api/data.php?type=orders Session: {"user_id":"3","role":"rider","name":"greg"}
[2026-02-13 13:10:31] API Call: /food_ordering/api/data.php?type=orders Session: {"user_id":"3","role":"rider","name":"greg"}
[2026-02-13 13:10:36] API Call: /food_ordering/api/data.php?type=orders Session: {"user_id":"3","role":"rider","name":"greg"}
[2026-02-13 13:10:41] API Call: /food_ordering/api/data.php?type=orders Session: {"user_id":"3","role":"rider","name":"greg"}
[2026-02-13 13:10:46] API Call: /food_ordering/api/data.php?type=orders Session: {"user_id":"3","role":"rider","name":"greg"}
[2026-02-13 13:10:51] API Call: /food_ordering/api/data.php?type=products Session: []
[2026-02-13 13:10:52] API Call: /food_ordering/api/data.php?type=products Session: []
[2026-02-13 13:10:57] API Call: /food_ordering/api/data.php?type=riders Session: {"user_id":"1","role":"admin","name":"Admin User"}
[2026-02-13 13:10:57] API Call: /food_ordering/api/data.php?type=products Session: {"user_id":"1","role":"admin","name":"Admin User"}
[2026-02-13 13:10:57] API Call: /food_ordering/api/data.php?type=orders Session: {"user_id":"1","role":"admin","name":"Admin User"}
[2026-02-13 13:11:05] API Call: /food_ordering/api/data.php?type=update_order Session: {"user_id":"1","role":"admin","name":"Admin User"}
[2026-02-13 13:11:05] API Call: /food_ordering/api/data.php?type=orders Session: {"user_id":"1","role":"admin","name":"Admin User"}
[2026-02-13 13:11:09] API Call: /food_ordering/api/data.php?type=update_order Session: {"user_id":"1","role":"admin","name":"Admin User"}
[2026-02-13 13:11:09] API Call: /food_ordering/api/data.php?type=orders Session: {"user_id":"1","role":"admin","name":"Admin User"}
[2026-02-13 13:11:12] API Call: /food_ordering/api/data.php?type=products Session: {"user_id":"1","role":"admin","name":"Admin User"}
[2026-02-13 13:11:13] API Call: /food_ordering/api/data.php?type=sales_report Session: {"user_id":"1","role":"admin","name":"Admin User"}
[2026-02-13 13:11:41] API Call: /food_ordering/api/data.php?type=users Session: {"user_id":"1","role":"admin","name":"Admin User"}
[2026-02-13 13:11:42] API Call: /food_ordering/api/data.php?type=products Session: []
[2026-02-13 13:11:44] API Call: /food_ordering/api/data.php?type=products Session: []
[2026-02-13 13:11:47] API Call: /food_ordering/api/data.php?type=orders Session: {"user_id":"3","role":"rider","name":"greg"}
[2026-02-13 13:11:47] API Call: /food_ordering/api/data.php?type=products Session: {"user_id":"3","role":"rider","name":"greg"}
[2026-02-13 13:11:47] API Call: /food_ordering/api/data.php?type=delivery_report Session: {"user_id":"3","role":"rider","name":"greg"}
[2026-02-13 13:11:52] API Call: /food_ordering/api/data.php?type=orders Session: {"user_id":"3","role":"rider","name":"greg"}
[2026-02-13 13:11:57] API Call: /food_ordering/api/data.php?type=orders Session: {"user_id":"3","role":"rider","name":"greg"}
[2026-02-13 13:12:02] API Call: /food_ordering/api/data.php?type=orders Session: {"user_id":"3","role":"rider","name":"greg"}
[2026-02-13 13:12:07] API Call: /food_ordering/api/data.php?type=orders Session: {"user_id":"3","role":"rider","name":"greg"}
[2026-02-13 13:12:13] API Call: /food_ordering/api/data.php?type=orders Session: {"user_id":"3","role":"rider","name":"greg"}
[2026-02-13 13:12:18] API Call: /food_ordering/api/data.php?type=orders Session: {"user_id":"3","role":"rider","name":"greg"}
[2026-02-13 13:12:23] API Call: /food_ordering/api/data.php?type=orders Session: {"user_id":"3","role":"rider","name":"greg"}
[2026-02-13 13:12:28] API Call: /food_ordering/api/data.php?type=orders Session: {"user_id":"3","role":"rider","name":"greg"}
[2026-02-13 13:12:33] API Call: /food_ordering/api/data.php?type=orders Session: {"user_id":"3","role":"rider","name":"greg"}
[2026-02-13 13:12:38] API Call: /food_ordering/api/data.php?type=orders Session: {"user_id":"3","role":"rider","name":"greg"}
[2026-02-13 13:12:43] API Call: /food_ordering/api/data.php?type=orders Session: {"user_id":"3","role":"rider","name":"greg"}
[2026-02-13 13:12:48] API Call: /food_ordering/api/data.php?type=orders Session: {"user_id":"3","role":"rider","name":"greg"}
[2026-02-13 13:12:53] API Call: /food_ordering/api/data.php?type=orders Session: {"user_id":"3","role":"rider","name":"greg"}
[2026-02-13 13:12:58] API Call: /food_ordering/api/data.php?type=orders Session: {"user_id":"3","role":"rider","name":"greg"}
[2026-02-13 13:13:03] API Call: /food_ordering/api/data.php?type=orders Session: {"user_id":"3","role":"rider","name":"greg"}
[2026-02-13 13:13:08] API Call: /food_ordering/api/data.php?type=orders Session: {"user_id":"3","role":"rider","name":"greg"}
[2026-02-13 13:13:18] API Call: /food_ordering/api/data.php?type=orders Session: {"user_id":"3","role":"rider","name":"greg"}
[2026-02-13 13:14:18] API Call: /food_ordering/api/data.php?type=orders Session: {"user_id":"3","role":"rider","name":"greg"}
[2026-02-13 13:15:10] API Call: /food_ordering/api/data.php?type=orders Session: {"user_id":"3","role":"rider","name":"greg"}
[2026-02-13 13:15:12] API Call: /food_ordering/api/data.php?type=orders Session: {"user_id":"3","role":"rider","name":"greg"}
[2026-02-13 13:15:17] API Call: /food_ordering/api/data.php?type=orders Session: {"user_id":"3","role":"rider","name":"greg"}
[2026-02-13 13:15:20] API Call: /food_ordering/api/data.php?type=update_order Session: {"user_id":"3","role":"rider","name":"greg"}
[2026-02-13 13:15:22] API Call: /food_ordering/api/data.php?type=delivery_report Session: {"user_id":"3","role":"rider","name":"greg"}
[2026-02-13 13:15:22] API Call: /food_ordering/api/data.php?type=orders Session: {"user_id":"3","role":"rider","name":"greg"}
[2026-02-13 13:15:22] API Call: /food_ordering/api/data.php?type=orders Session: {"user_id":"3","role":"rider","name":"greg"}
[2026-02-13 13:15:27] API Call: /food_ordering/api/data.php?type=orders Session: {"user_id":"3","role":"rider","name":"greg"}
[2026-02-13 13:15:32] API Call: /food_ordering/api/data.php?type=orders Session: {"user_id":"3","role":"rider","name":"greg"}
[2026-02-13 13:15:36] API Call: /food_ordering/api/data.php?type=products Session: []
[2026-02-13 13:15:38] API Call: /food_ordering/api/data.php?type=products Session: []
[2026-02-13 13:15:48] API Call: /food_ordering/api/data.php?type=orders Session: {"user_id":"2","role":"customer","name":"Aman"}
[2026-02-13 13:15:48] API Call: /food_ordering/api/data.php?type=products&_t=1770984948794 Session: {"user_id":"2","role":"customer","name":"Aman"}
[2026-02-13 13:15:50] API Call: /food_ordering/api/data.php?type=orders Session: {"user_id":"2","role":"customer","name":"Aman"}
